This file contains any messages produced by compilers while
running configure, to aid debugging if configure makes a mistake.

It was created by wafer configure 1.0, which was
generated by GNU Autoconf 2.63.  Invocation command line was

  $ ./configure 

## --------- ##
## Platform. ##
## --------- ##

hostname = trifid
uname -m = x86_64
uname -r = 2.6.32-279.19.1.el6.x86_64
uname -s = Linux
uname -v = #1 SMP Wed Dec 19 07:05:20 UTC 2012

/usr/bin/uname -p = unknown
/bin/uname -X     = unknown

/bin/arch              = x86_64
/usr/bin/arch -k       = unknown
/usr/convex/getsysinfo = unknown
/usr/bin/hostinfo      = unknown
/bin/machine           = unknown
/usr/bin/oslevel       = unknown
/bin/universe          = unknown

PATH: /home/tdubois/bin/
PATH: /usr/local/lapack/3.4.2/bin
PATH: /usr/local/blas/1.0.248/bin
PATH: /usr/local/openmpi/1.7.0-gcc/bin
PATH: /usr/local/gcc/4.7.2/bin
PATH: /usr/local/bin
PATH: /bin
PATH: /usr/bin
PATH: /usr/local/sbin
PATH: /usr/sbin
PATH: /sbin


## ----------- ##
## Core tests. ##
## ----------- ##

configure:1882: checking for a BSD-compatible install
configure:1950: result: /usr/bin/install -c
configure:1961: checking whether build environment is sane
configure:2021: result: yes
configure:2162: checking for a thread-safe mkdir -p
configure:2201: result: /bin/mkdir -p
configure:2214: checking for gawk
configure:2230: found /bin/gawk
configure:2241: result: gawk
configure:2252: checking whether make sets $(MAKE)
configure:2274: result: yes
configure:2419: checking for g++
configure:2435: found /usr/local/gcc/4.7.2/bin/g++
configure:2446: result: g++
configure:2473: checking for C++ compiler version
configure:2481: g++ --version >&5
g++ (GCC) 4.7.2
Copyright (C) 2012 Free Software Foundation, Inc.
This is free software; see the source for copying conditions.  There is NO
warranty; not even for MERCHANTABILITY or FITNESS FOR A PARTICULAR PURPOSE.

configure:2485: $? = 0
configure:2492: g++ -v >&5
Using built-in specs.
COLLECT_GCC=g++
COLLECT_LTO_WRAPPER=/usr/local/gcc/4.7.2/libexec/gcc/x86_64-unknown-linux-gnu/4.7.2/lto-wrapper
Target: x86_64-unknown-linux-gnu
Configured with: /usr/local/src/GCC/gcc-4.7.2/configure --prefix=/usr/local/gcc/4.7.2 --enable-shared --enable-threads=posix --enable-__cxa_atexit --enable-languages=c,c++,fortran --with-mpfr=/usr/local/mpfr/3.1.1/ --with-gmp=/usr/local/gmp/5.0.5/ --with-mpc=/usr/local/mpc/1.0/
Thread model: posix
gcc version 4.7.2 (GCC) 
configure:2496: $? = 0
configure:2503: g++ -V >&5
g++: error: unrecognized command line option '-V'
g++: fatal error: no input files
compilation terminated.
configure:2507: $? = 1
configure:2530: checking for C++ compiler default output file name
configure:2552: g++  -I/usr/local/lapack/3.4.2/include -I/usr/local/blas/1.0.248/include -I/usr/local/openmpi/1.7.0-gcc/include -I/usr/local/gcc/4.7.2/include -I/usr/local/mpc/1.0/include -I/usr/local/mpfr/3.1.1/include -I/usr/local/gmp/5.0.5/include -L/usr/local/lapack/3.4.2/lib -L/usr/local/blas/1.0.248/lib -L/usr/local/openmpi/1.7.0-gcc/lib -L/usr/local/gcc/4.7.2/lib -L/usr/local/gcc/4.7.2/lib64 -L/usr/local/mpc/1.0/lib -L/usr/local/mpfr/3.1.1/lib -L/usr/local/gmp/5.0.5/lib conftest.cpp  >&5
/usr/bin/ld: skipping incompatible /usr/local/gcc/4.7.2/lib/libstdc++.so when searching for -lstdc++
/usr/bin/ld: skipping incompatible /usr/local/gcc/4.7.2/lib/libstdc++.a when searching for -lstdc++
/usr/bin/ld: skipping incompatible /usr/local/gcc/4.7.2/lib/libgcc_s.so when searching for -lgcc_s
/usr/bin/ld: skipping incompatible /usr/local/gcc/4.7.2/lib/libgcc_s.so when searching for -lgcc_s
configure:2556: $? = 0
configure:2594: result: a.out
configure:2613: checking whether the C++ compiler works
configure:2623: ./a.out
configure:2627: $? = 0
configure:2646: result: yes
configure:2653: checking whether we are cross compiling
configure:2655: result: no
configure:2658: checking for suffix of executables
configure:2665: g++ -o conftest  -I/usr/local/lapack/3.4.2/include -I/usr/local/blas/1.0.248/include -I/usr/local/openmpi/1.7.0-gcc/include -I/usr/local/gcc/4.7.2/include -I/usr/local/mpc/1.0/include -I/usr/local/mpfr/3.1.1/include -I/usr/local/gmp/5.0.5/include -L/usr/local/lapack/3.4.2/lib -L/usr/local/blas/1.0.248/lib -L/usr/local/openmpi/1.7.0-gcc/lib -L/usr/local/gcc/4.7.2/lib -L/usr/local/gcc/4.7.2/lib64 -L/usr/local/mpc/1.0/lib -L/usr/local/mpfr/3.1.1/lib -L/usr/local/gmp/5.0.5/lib conftest.cpp  >&5
/usr/bin/ld: skipping incompatible /usr/local/gcc/4.7.2/lib/libstdc++.so when searching for -lstdc++
/usr/bin/ld: skipping incompatible /usr/local/gcc/4.7.2/lib/libstdc++.a when searching for -lstdc++
/usr/bin/ld: skipping incompatible /usr/local/gcc/4.7.2/lib/libgcc_s.so when searching for -lgcc_s
/usr/bin/ld: skipping incompatible /usr/local/gcc/4.7.2/lib/libgcc_s.so when searching for -lgcc_s
configure:2669: $? = 0
configure:2695: result: 
configure:2701: checking for suffix of object files
configure:2727: g++ -c  -I/usr/local/lapack/3.4.2/include -I/usr/local/blas/1.0.248/include -I/usr/local/openmpi/1.7.0-gcc/include -I/usr/local/gcc/4.7.2/include -I/usr/local/mpc/1.0/include -I/usr/local/mpfr/3.1.1/include -I/usr/local/gmp/5.0.5/include conftest.cpp >&5
configure:2731: $? = 0
configure:2756: result: o
configure:2760: checking whether we are using the GNU C++ compiler
configure:2789: g++ -c  -I/usr/local/lapack/3.4.2/include -I/usr/local/blas/1.0.248/include -I/usr/local/openmpi/1.7.0-gcc/include -I/usr/local/gcc/4.7.2/include -I/usr/local/mpc/1.0/include -I/usr/local/mpfr/3.1.1/include -I/usr/local/gmp/5.0.5/include conftest.cpp >&5
configure:2796: $? = 0
configure:2813: result: yes
configure:2822: checking whether g++ accepts -g
configure:2852: g++ -c -g -I/usr/local/lapack/3.4.2/include -I/usr/local/blas/1.0.248/include -I/usr/local/openmpi/1.7.0-gcc/include -I/usr/local/gcc/4.7.2/include -I/usr/local/mpc/1.0/include -I/usr/local/mpfr/3.1.1/include -I/usr/local/gmp/5.0.5/include conftest.cpp >&5
configure:2859: $? = 0
configure:2960: result: yes
configure:2994: checking for style of include used by make
configure:3022: result: GNU
configure:3047: checking dependency style of g++
configure:3157: result: gcc3
configure:3220: checking for gcc
configure:3236: found /usr/local/gcc/4.7.2/bin/gcc
configure:3247: result: gcc
configure:3479: checking for C compiler version
configure:3487: gcc --version >&5
gcc (GCC) 4.7.2
Copyright (C) 2012 Free Software Foundation, Inc.
This is free software; see the source for copying conditions.  There is NO
warranty; not even for MERCHANTABILITY or FITNESS FOR A PARTICULAR PURPOSE.

configure:3491: $? = 0
configure:3498: gcc -v >&5
Using built-in specs.
COLLECT_GCC=gcc
COLLECT_LTO_WRAPPER=/usr/local/gcc/4.7.2/libexec/gcc/x86_64-unknown-linux-gnu/4.7.2/lto-wrapper
Target: x86_64-unknown-linux-gnu
Configured with: /usr/local/src/GCC/gcc-4.7.2/configure --prefix=/usr/local/gcc/4.7.2 --enable-shared --enable-threads=posix --enable-__cxa_atexit --enable-languages=c,c++,fortran --with-mpfr=/usr/local/mpfr/3.1.1/ --with-gmp=/usr/local/gmp/5.0.5/ --with-mpc=/usr/local/mpc/1.0/
Thread model: posix
gcc version 4.7.2 (GCC) 
configure:3502: $? = 0
configure:3509: gcc -V >&5
gcc: error: unrecognized command line option '-V'
gcc: fatal error: no input files
compilation terminated.
configure:3513: $? = 1
configure:3516: checking whether we are using the GNU C compiler
configure:3545: gcc -c -I/usr/local/gcc/4.7.2/include -I/usr/local/gmp/5.0.5/include -I/usr/local/lapack/3.4.2/include -I/usr/local/blas/1.0.248/include -I/usr/local/openmpi/1.7.0-gcc/include -I/usr/local/gcc/4.7.2/include -I/usr/local/mpc/1.0/include -I/usr/local/mpfr/3.1.1/include -I/usr/local/gmp/5.0.5/include conftest.c >&5
configure:3552: $? = 0
configure:3569: result: yes
configure:3578: checking whether gcc accepts -g
configure:3608: gcc -c -g -I/usr/local/lapack/3.4.2/include -I/usr/local/blas/1.0.248/include -I/usr/local/openmpi/1.7.0-gcc/include -I/usr/local/gcc/4.7.2/include -I/usr/local/mpc/1.0/include -I/usr/local/mpfr/3.1.1/include -I/usr/local/gmp/5.0.5/include conftest.c >&5
configure:3615: $? = 0
configure:3716: result: yes
configure:3733: checking for gcc option to accept ISO C89
configure:3807: gcc  -c -I/usr/local/gcc/4.7.2/include -I/usr/local/gmp/5.0.5/include -I/usr/local/lapack/3.4.2/include -I/usr/local/blas/1.0.248/include -I/usr/local/openmpi/1.7.0-gcc/include -I/usr/local/gcc/4.7.2/include -I/usr/local/mpc/1.0/include -I/usr/local/mpfr/3.1.1/include -I/usr/local/gmp/5.0.5/include conftest.c >&5
configure:3814: $? = 0
configure:3837: result: none needed
configure:3857: checking dependency style of gcc
configure:3967: result: gcc3
configure:3992: checking how to run the C preprocessor
configure:4032: gcc -E -I/usr/local/lapack/3.4.2/include -I/usr/local/blas/1.0.248/include -I/usr/local/openmpi/1.7.0-gcc/include -I/usr/local/gcc/4.7.2/include -I/usr/local/mpc/1.0/include -I/usr/local/mpfr/3.1.1/include -I/usr/local/gmp/5.0.5/include conftest.c
configure:4039: $? = 0
configure:4070: gcc -E -I/usr/local/lapack/3.4.2/include -I/usr/local/blas/1.0.248/include -I/usr/local/openmpi/1.7.0-gcc/include -I/usr/local/gcc/4.7.2/include -I/usr/local/mpc/1.0/include -I/usr/local/mpfr/3.1.1/include -I/usr/local/gmp/5.0.5/include conftest.c
conftest.c:10:28: fatal error: ac_nonexistent.h: No such file or directory
compilation terminated.
configure:4077: $? = 1
configure: failed program was:
| /* confdefs.h.  */
| #define PACKAGE_NAME "wafer"
| #define PACKAGE_TARNAME "wafer"
| #define PACKAGE_VERSION "1.0"
| #define PACKAGE_STRING "wafer 1.0"
| #define PACKAGE_BUGREPORT "https://github.com/Libbum/Wafer/issues"
| #define PACKAGE "wafer"
| #define VERSION "1.0"
| /* end confdefs.h.  */
| #include <ac_nonexistent.h>
configure:4110: result: gcc -E
configure:4139: gcc -E -I/usr/local/lapack/3.4.2/include -I/usr/local/blas/1.0.248/include -I/usr/local/openmpi/1.7.0-gcc/include -I/usr/local/gcc/4.7.2/include -I/usr/local/mpc/1.0/include -I/usr/local/mpfr/3.1.1/include -I/usr/local/gmp/5.0.5/include conftest.c
configure:4146: $? = 0
configure:4177: gcc -E -I/usr/local/lapack/3.4.2/include -I/usr/local/blas/1.0.248/include -I/usr/local/openmpi/1.7.0-gcc/include -I/usr/local/gcc/4.7.2/include -I/usr/local/mpc/1.0/include -I/usr/local/mpfr/3.1.1/include -I/usr/local/gmp/5.0.5/include conftest.c
conftest.c:10:28: fatal error: ac_nonexistent.h: No such file or directory
compilation terminated.
configure:4184: $? = 1
configure: failed program was:
| /* confdefs.h.  */
| #define PACKAGE_NAME "wafer"
| #define PACKAGE_TARNAME "wafer"
| #define PACKAGE_VERSION "1.0"
| #define PACKAGE_STRING "wafer 1.0"
| #define PACKAGE_BUGREPORT "https://github.com/Libbum/Wafer/issues"
| #define PACKAGE "wafer"
| #define VERSION "1.0"
| /* end confdefs.h.  */
| #include <ac_nonexistent.h>
configure:4224: checking for grep that handles long lines and -e
configure:4284: result: /bin/grep
configure:4289: checking for egrep
configure:4353: result: /bin/grep -E
configure:4358: checking for ANSI C header files
configure:4388: gcc -c -I/usr/local/gcc/4.7.2/include -I/usr/local/gmp/5.0.5/include -I/usr/local/lapack/3.4.2/include -I/usr/local/blas/1.0.248/include -I/usr/local/openmpi/1.7.0-gcc/include -I/usr/local/gcc/4.7.2/include -I/usr/local/mpc/1.0/include -I/usr/local/mpfr/3.1.1/include -I/usr/local/gmp/5.0.5/include conftest.c >&5
configure:4395: $? = 0
configure:4494: gcc -o conftest -I/usr/local/gcc/4.7.2/include -I/usr/local/gmp/5.0.5/include -I/usr/local/lapack/3.4.2/include -I/usr/local/blas/1.0.248/include -I/usr/local/openmpi/1.7.0-gcc/include -I/usr/local/gcc/4.7.2/include -I/usr/local/mpc/1.0/include -I/usr/local/mpfr/3.1.1/include -I/usr/local/gmp/5.0.5/include -L/usr/local/lapack/3.4.2/lib -L/usr/local/blas/1.0.248/lib -L/usr/local/openmpi/1.7.0-gcc/lib -L/usr/local/gcc/4.7.2/lib -L/usr/local/gcc/4.7.2/lib64 -L/usr/local/mpc/1.0/lib -L/usr/local/mpfr/3.1.1/lib -L/usr/local/gmp/5.0.5/lib conftest.c  >&5
/usr/bin/ld: skipping incompatible /usr/local/gcc/4.7.2/lib/libgcc_s.so when searching for -lgcc_s
/usr/bin/ld: skipping incompatible /usr/local/gcc/4.7.2/lib/libgcc_s.so when searching for -lgcc_s
configure:4498: $? = 0
configure:4504: ./conftest
configure:4508: $? = 0
configure:4526: result: yes
configure:4550: checking for sys/types.h
configure:4571: gcc -c -I/usr/local/gcc/4.7.2/include -I/usr/local/gmp/5.0.5/include -I/usr/local/lapack/3.4.2/include -I/usr/local/blas/1.0.248/include -I/usr/local/openmpi/1.7.0-gcc/include -I/usr/local/gcc/4.7.2/include -I/usr/local/mpc/1.0/include -I/usr/local/mpfr/3.1.1/include -I/usr/local/gmp/5.0.5/include conftest.c >&5
configure:4578: $? = 0
configure:4595: result: yes
configure:4550: checking for sys/stat.h
configure:4571: gcc -c -I/usr/local/gcc/4.7.2/include -I/usr/local/gmp/5.0.5/include -I/usr/local/lapack/3.4.2/include -I/usr/local/blas/1.0.248/include -I/usr/local/openmpi/1.7.0-gcc/include -I/usr/local/gcc/4.7.2/include -I/usr/local/mpc/1.0/include -I/usr/local/mpfr/3.1.1/include -I/usr/local/gmp/5.0.5/include conftest.c >&5
configure:4578: $? = 0
configure:4595: result: yes
configure:4550: checking for stdlib.h
configure:4571: gcc -c -I/usr/local/gcc/4.7.2/include -I/usr/local/gmp/5.0.5/include -I/usr/local/lapack/3.4.2/include -I/usr/local/blas/1.0.248/include -I/usr/local/openmpi/1.7.0-gcc/include -I/usr/local/gcc/4.7.2/include -I/usr/local/mpc/1.0/include -I/usr/local/mpfr/3.1.1/include -I/usr/local/gmp/5.0.5/include conftest.c >&5
configure:4578: $? = 0
configure:4595: result: yes
configure:4550: checking for string.h
configure:4571: gcc -c -I/usr/local/gcc/4.7.2/include -I/usr/local/gmp/5.0.5/include -I/usr/local/lapack/3.4.2/include -I/usr/local/blas/1.0.248/include -I/usr/local/openmpi/1.7.0-gcc/include -I/usr/local/gcc/4.7.2/include -I/usr/local/mpc/1.0/include -I/usr/local/mpfr/3.1.1/include -I/usr/local/gmp/5.0.5/include conftest.c >&5
configure:4578: $? = 0
configure:4595: result: yes
configure:4550: checking for memory.h
configure:4571: gcc -c -I/usr/local/gcc/4.7.2/include -I/usr/local/gmp/5.0.5/include -I/usr/local/lapack/3.4.2/include -I/usr/local/blas/1.0.248/include -I/usr/local/openmpi/1.7.0-gcc/include -I/usr/local/gcc/4.7.2/include -I/usr/local/mpc/1.0/include -I/usr/local/mpfr/3.1.1/include -I/usr/local/gmp/5.0.5/include conftest.c >&5
configure:4578: $? = 0
configure:4595: result: yes
configure:4550: checking for strings.h
configure:4571: gcc -c -I/usr/local/gcc/4.7.2/include -I/usr/local/gmp/5.0.5/include -I/usr/local/lapack/3.4.2/include -I/usr/local/blas/1.0.248/include -I/usr/local/openmpi/1.7.0-gcc/include -I/usr/local/gcc/4.7.2/include -I/usr/local/mpc/1.0/include -I/usr/local/mpfr/3.1.1/include -I/usr/local/gmp/5.0.5/include conftest.c >&5
configure:4578: $? = 0
configure:4595: result: yes
configure:4550: checking for inttypes.h
configure:4571: gcc -c -I/usr/local/gcc/4.7.2/include -I/usr/local/gmp/5.0.5/include -I/usr/local/lapack/3.4.2/include -I/usr/local/blas/1.0.248/include -I/usr/local/openmpi/1.7.0-gcc/include -I/usr/local/gcc/4.7.2/include -I/usr/local/mpc/1.0/include -I/usr/local/mpfr/3.1.1/include -I/usr/local/gmp/5.0.5/include conftest.c >&5
configure:4578: $? = 0
configure:4595: result: yes
configure:4550: checking for stdint.h
configure:4571: gcc -c -I/usr/local/gcc/4.7.2/include -I/usr/local/gmp/5.0.5/include -I/usr/local/lapack/3.4.2/include -I/usr/local/blas/1.0.248/include -I/usr/local/openmpi/1.7.0-gcc/include -I/usr/local/gcc/4.7.2/include -I/usr/local/mpc/1.0/include -I/usr/local/mpfr/3.1.1/include -I/usr/local/gmp/5.0.5/include conftest.c >&5
configure:4578: $? = 0
configure:4595: result: yes
configure:4550: checking for unistd.h
configure:4571: gcc -c -I/usr/local/gcc/4.7.2/include -I/usr/local/gmp/5.0.5/include -I/usr/local/lapack/3.4.2/include -I/usr/local/blas/1.0.248/include -I/usr/local/openmpi/1.7.0-gcc/include -I/usr/local/gcc/4.7.2/include -I/usr/local/mpc/1.0/include -I/usr/local/mpfr/3.1.1/include -I/usr/local/gmp/5.0.5/include conftest.c >&5
configure:4578: $? = 0
configure:4595: result: yes
configure:4616: checking for stdlib.h
configure:4623: result: yes
configure:4627: checking sys/time.h usability
configure:4644: gcc -c -I/usr/local/gcc/4.7.2/include -I/usr/local/gmp/5.0.5/include -I/usr/local/lapack/3.4.2/include -I/usr/local/blas/1.0.248/include -I/usr/local/openmpi/1.7.0-gcc/include -I/usr/local/gcc/4.7.2/include -I/usr/local/mpc/1.0/include -I/usr/local/mpfr/3.1.1/include -I/usr/local/gmp/5.0.5/include conftest.c >&5
configure:4651: $? = 0
configure:4665: result: yes
configure:4669: checking sys/time.h presence
configure:4684: gcc -E -I/usr/local/lapack/3.4.2/include -I/usr/local/blas/1.0.248/include -I/usr/local/openmpi/1.7.0-gcc/include -I/usr/local/gcc/4.7.2/include -I/usr/local/mpc/1.0/include -I/usr/local/mpfr/3.1.1/include -I/usr/local/gmp/5.0.5/include conftest.c
configure:4691: $? = 0
configure:4705: result: yes
configure:4738: checking for sys/time.h
configure:4747: result: yes
configure:4616: checking for unistd.h
configure:4623: result: yes
configure:4764: checking for inline
configure:4790: gcc -c -I/usr/local/gcc/4.7.2/include -I/usr/local/gmp/5.0.5/include -I/usr/local/lapack/3.4.2/include -I/usr/local/blas/1.0.248/include -I/usr/local/openmpi/1.7.0-gcc/include -I/usr/local/gcc/4.7.2/include -I/usr/local/mpc/1.0/include -I/usr/local/mpfr/3.1.1/include -I/usr/local/gmp/5.0.5/include conftest.c >&5
configure:4797: $? = 0
configure:4815: result: inline
configure:4834: checking for ptrdiff_t
configure:4862: gcc -c -I/usr/local/gcc/4.7.2/include -I/usr/local/gmp/5.0.5/include -I/usr/local/lapack/3.4.2/include -I/usr/local/blas/1.0.248/include -I/usr/local/openmpi/1.7.0-gcc/include -I/usr/local/gcc/4.7.2/include -I/usr/local/mpc/1.0/include -I/usr/local/mpfr/3.1.1/include -I/usr/local/gmp/5.0.5/include conftest.c >&5
configure:4869: $? = 0
configure:4896: gcc -c -I/usr/local/gcc/4.7.2/include -I/usr/local/gmp/5.0.5/include -I/usr/local/lapack/3.4.2/include -I/usr/local/blas/1.0.248/include -I/usr/local/openmpi/1.7.0-gcc/include -I/usr/local/gcc/4.7.2/include -I/usr/local/mpc/1.0/include -I/usr/local/mpfr/3.1.1/include -I/usr/local/gmp/5.0.5/include conftest.c >&5
conftest.c: In function 'main':
conftest.c:59:24: error: expected expression before ')' token
configure:4903: $? = 1
configure: failed program was:
| /* confdefs.h.  */
| #define PACKAGE_NAME "wafer"
| #define PACKAGE_TARNAME "wafer"
| #define PACKAGE_VERSION "1.0"
| #define PACKAGE_STRING "wafer 1.0"
| #define PACKAGE_BUGREPORT "https://github.com/Libbum/Wafer/issues"
| #define PACKAGE "wafer"
| #define VERSION "1.0"
| #define STDC_HEADERS 1
| #define HAVE_SYS_TYPES_H 1
| #define HAVE_SYS_STAT_H 1
| #define HAVE_STDLIB_H 1
| #define HAVE_STRING_H 1
| #define HAVE_MEMORY_H 1
| #define HAVE_STRINGS_H 1
| #define HAVE_INTTYPES_H 1
| #define HAVE_STDINT_H 1
| #define HAVE_UNISTD_H 1
| #define HAVE_STDLIB_H 1
| #define HAVE_SYS_TIME_H 1
| #define HAVE_UNISTD_H 1
| /* end confdefs.h.  */
| #include <stdio.h>
| #ifdef HAVE_SYS_TYPES_H
| # include <sys/types.h>
| #endif
| #ifdef HAVE_SYS_STAT_H
| # include <sys/stat.h>
| #endif
| #ifdef STDC_HEADERS
| # include <stdlib.h>
| # include <stddef.h>
| #else
| # ifdef HAVE_STDLIB_H
| #  include <stdlib.h>
| # endif
| #endif
| #ifdef HAVE_STRING_H
| # if !defined STDC_HEADERS && defined HAVE_MEMORY_H
| #  include <memory.h>
| # endif
| # include <string.h>
| #endif
| #ifdef HAVE_STRINGS_H
| # include <strings.h>
| #endif
| #ifdef HAVE_INTTYPES_H
| # include <inttypes.h>
| #endif
| #ifdef HAVE_STDINT_H
| # include <stdint.h>
| #endif
| #ifdef HAVE_UNISTD_H
| # include <unistd.h>
| #endif
| int
| main ()
| {
| if (sizeof ((ptrdiff_t)))
| 	  return 0;
|   ;
|   return 0;
| }
configure:4926: result: yes
configure:4944: checking for stdlib.h
configure:4951: result: yes
configure:5090: checking for GNU libc compatible malloc
configure:5124: gcc -o conftest -I/usr/local/gcc/4.7.2/include -I/usr/local/gmp/5.0.5/include -I/usr/local/lapack/3.4.2/include -I/usr/local/blas/1.0.248/include -I/usr/local/openmpi/1.7.0-gcc/include -I/usr/local/gcc/4.7.2/include -I/usr/local/mpc/1.0/include -I/usr/local/mpfr/3.1.1/include -I/usr/local/gmp/5.0.5/include -L/usr/local/lapack/3.4.2/lib -L/usr/local/blas/1.0.248/lib -L/usr/local/openmpi/1.7.0-gcc/lib -L/usr/local/gcc/4.7.2/lib -L/usr/local/gcc/4.7.2/lib64 -L/usr/local/mpc/1.0/lib -L/usr/local/mpfr/3.1.1/lib -L/usr/local/gmp/5.0.5/lib conftest.c  >&5
/usr/bin/ld: skipping incompatible /usr/local/gcc/4.7.2/lib/libgcc_s.so when searching for -lgcc_s
/usr/bin/ld: skipping incompatible /usr/local/gcc/4.7.2/lib/libgcc_s.so when searching for -lgcc_s
configure:5128: $? = 0
configure:5134: ./conftest
configure:5138: $? = 0
configure:5155: result: yes
configure:5189: checking for gethostname
configure:5245: gcc -o conftest -I/usr/local/gcc/4.7.2/include -I/usr/local/gmp/5.0.5/include -I/usr/local/lapack/3.4.2/include -I/usr/local/blas/1.0.248/include -I/usr/local/openmpi/1.7.0-gcc/include -I/usr/local/gcc/4.7.2/include -I/usr/local/mpc/1.0/include -I/usr/local/mpfr/3.1.1/include -I/usr/local/gmp/5.0.5/include -L/usr/local/lapack/3.4.2/lib -L/usr/local/blas/1.0.248/lib -L/usr/local/openmpi/1.7.0-gcc/lib -L/usr/local/gcc/4.7.2/lib -L/usr/local/gcc/4.7.2/lib64 -L/usr/local/mpc/1.0/lib -L/usr/local/mpfr/3.1.1/lib -L/usr/local/gmp/5.0.5/lib conftest.c  >&5
/usr/bin/ld: skipping incompatible /usr/local/gcc/4.7.2/lib/libgcc_s.so when searching for -lgcc_s
/usr/bin/ld: skipping incompatible /usr/local/gcc/4.7.2/lib/libgcc_s.so when searching for -lgcc_s
configure:5252: $? = 0
configure:5274: result: yes
configure:5189: checking for pow
configure:5245: gcc -o conftest -I/usr/local/gcc/4.7.2/include -I/usr/local/gmp/5.0.5/include -I/usr/local/lapack/3.4.2/include -I/usr/local/blas/1.0.248/include -I/usr/local/openmpi/1.7.0-gcc/include -I/usr/local/gcc/4.7.2/include -I/usr/local/mpc/1.0/include -I/usr/local/mpfr/3.1.1/include -I/usr/local/gmp/5.0.5/include -L/usr/local/lapack/3.4.2/lib -L/usr/local/blas/1.0.248/lib -L/usr/local/openmpi/1.7.0-gcc/lib -L/usr/local/gcc/4.7.2/lib -L/usr/local/gcc/4.7.2/lib64 -L/usr/local/mpc/1.0/lib -L/usr/local/mpfr/3.1.1/lib -L/usr/local/gmp/5.0.5/lib conftest.c  >&5
conftest.c:50:6: warning: conflicting types for built-in function 'pow' [enabled by default]
/usr/bin/ld: skipping incompatible /usr/local/gcc/4.7.2/lib/libgcc_s.so when searching for -lgcc_s
/usr/bin/ld: skipping incompatible /usr/local/gcc/4.7.2/lib/libgcc_s.so when searching for -lgcc_s
/tmp/cceAbcx2.o: In function `main':
conftest.c:(.text+0xa): undefined reference to `pow'
collect2: error: ld returned 1 exit status
configure:5252: $? = 1
configure: failed program was:
| /* confdefs.h.  */
| #define PACKAGE_NAME "wafer"
| #define PACKAGE_TARNAME "wafer"
| #define PACKAGE_VERSION "1.0"
| #define PACKAGE_STRING "wafer 1.0"
| #define PACKAGE_BUGREPORT "https://github.com/Libbum/Wafer/issues"
| #define PACKAGE "wafer"
| #define VERSION "1.0"
| #define STDC_HEADERS 1
| #define HAVE_SYS_TYPES_H 1
| #define HAVE_SYS_STAT_H 1
| #define HAVE_STDLIB_H 1
| #define HAVE_STRING_H 1
| #define HAVE_MEMORY_H 1
| #define HAVE_STRINGS_H 1
| #define HAVE_INTTYPES_H 1
| #define HAVE_STDINT_H 1
| #define HAVE_UNISTD_H 1
| #define HAVE_STDLIB_H 1
| #define HAVE_SYS_TIME_H 1
| #define HAVE_UNISTD_H 1
| #define HAVE_PTRDIFF_T 1
| #define HAVE_STDLIB_H 1
| #define HAVE_MALLOC 1
| #define HAVE_GETHOSTNAME 1
| /* end confdefs.h.  */
| /* Define pow to an innocuous variant, in case <limits.h> declares pow.
|    For example, HP-UX 11i <limits.h> declares gettimeofday.  */
| #define pow innocuous_pow
| 
| /* System header to define __stub macros and hopefully few prototypes,
|     which can conflict with char pow (); below.
|     Prefer <limits.h> to <assert.h> if __STDC__ is defined, since
|     <limits.h> exists even on freestanding compilers.  */
| 
| #ifdef __STDC__
| # include <limits.h>
| #else
| # include <assert.h>
| #endif
| 
| #undef pow
| 
| /* Override any GCC internal prototype to avoid an error.
|    Use char because int might match the return type of a GCC
|    builtin and then its argument prototype would still apply.  */
| #ifdef __cplusplus
| extern "C"
| #endif
| char pow ();
| /* The GNU C library defines this for functions which it implements
|     to always fail with ENOSYS.  Some functions are actually named
|     something starting with __ and the normal name is an alias.  */
| #if defined __stub_pow || defined __stub___pow
| choke me
| #endif
| 
| int
| main ()
| {
| return pow ();
|   ;
|   return 0;
| }
configure:5274: result: no
configure:5189: checking for sqrt
configure:5245: gcc -o conftest -I/usr/local/gcc/4.7.2/include -I/usr/local/gmp/5.0.5/include -I/usr/local/lapack/3.4.2/include -I/usr/local/blas/1.0.248/include -I/usr/local/openmpi/1.7.0-gcc/include -I/usr/local/gcc/4.7.2/include -I/usr/local/mpc/1.0/include -I/usr/local/mpfr/3.1.1/include -I/usr/local/gmp/5.0.5/include -L/usr/local/lapack/3.4.2/lib -L/usr/local/blas/1.0.248/lib -L/usr/local/openmpi/1.7.0-gcc/lib -L/usr/local/gcc/4.7.2/lib -L/usr/local/gcc/4.7.2/lib64 -L/usr/local/mpc/1.0/lib -L/usr/local/mpfr/3.1.1/lib -L/usr/local/gmp/5.0.5/lib conftest.c  >&5
conftest.c:50:6: warning: conflicting types for built-in function 'sqrt' [enabled by default]
/usr/bin/ld: skipping incompatible /usr/local/gcc/4.7.2/lib/libgcc_s.so when searching for -lgcc_s
/usr/bin/ld: skipping incompatible /usr/local/gcc/4.7.2/lib/libgcc_s.so when searching for -lgcc_s
/tmp/ccuIaXeb.o: In function `main':
conftest.c:(.text+0xa): undefined reference to `sqrt'
collect2: error: ld returned 1 exit status
configure:5252: $? = 1
configure: failed program was:
| /* confdefs.h.  */
| #define PACKAGE_NAME "wafer"
| #define PACKAGE_TARNAME "wafer"
| #define PACKAGE_VERSION "1.0"
| #define PACKAGE_STRING "wafer 1.0"
| #define PACKAGE_BUGREPORT "https://github.com/Libbum/Wafer/issues"
| #define PACKAGE "wafer"
| #define VERSION "1.0"
| #define STDC_HEADERS 1
| #define HAVE_SYS_TYPES_H 1
| #define HAVE_SYS_STAT_H 1
| #define HAVE_STDLIB_H 1
| #define HAVE_STRING_H 1
| #define HAVE_MEMORY_H 1
| #define HAVE_STRINGS_H 1
| #define HAVE_INTTYPES_H 1
| #define HAVE_STDINT_H 1
| #define HAVE_UNISTD_H 1
| #define HAVE_STDLIB_H 1
| #define HAVE_SYS_TIME_H 1
| #define HAVE_UNISTD_H 1
| #define HAVE_PTRDIFF_T 1
| #define HAVE_STDLIB_H 1
| #define HAVE_MALLOC 1
| #define HAVE_GETHOSTNAME 1
| /* end confdefs.h.  */
| /* Define sqrt to an innocuous variant, in case <limits.h> declares sqrt.
|    For example, HP-UX 11i <limits.h> declares gettimeofday.  */
| #define sqrt innocuous_sqrt
| 
| /* System header to define __stub macros and hopefully few prototypes,
|     which can conflict with char sqrt (); below.
|     Prefer <limits.h> to <assert.h> if __STDC__ is defined, since
|     <limits.h> exists even on freestanding compilers.  */
| 
| #ifdef __STDC__
| # include <limits.h>
| #else
| # include <assert.h>
| #endif
| 
| #undef sqrt
| 
| /* Override any GCC internal prototype to avoid an error.
|    Use char because int might match the return type of a GCC
|    builtin and then its argument prototype would still apply.  */
| #ifdef __cplusplus
| extern "C"
| #endif
| char sqrt ();
| /* The GNU C library defines this for functions which it implements
|     to always fail with ENOSYS.  Some functions are actually named
|     something starting with __ and the normal name is an alias.  */
| #if defined __stub_sqrt || defined __stub___sqrt
| choke me
| #endif
| 
| int
| main ()
| {
| return sqrt ();
|   ;
|   return 0;
| }
configure:5274: result: no
configure:5286: checking for library containing lapack
configure:5327: gcc -o conftest -I/usr/local/gcc/4.7.2/include -I/usr/local/gmp/5.0.5/include -I/usr/local/lapack/3.4.2/include -I/usr/local/blas/1.0.248/include -I/usr/local/openmpi/1.7.0-gcc/include -I/usr/local/gcc/4.7.2/include -I/usr/local/mpc/1.0/include -I/usr/local/mpfr/3.1.1/include -I/usr/local/gmp/5.0.5/include -L/usr/local/lapack/3.4.2/lib -L/usr/local/blas/1.0.248/lib -L/usr/local/openmpi/1.7.0-gcc/lib -L/usr/local/gcc/4.7.2/lib -L/usr/local/gcc/4.7.2/lib64 -L/usr/local/mpc/1.0/lib -L/usr/local/mpfr/3.1.1/lib -L/usr/local/gmp/5.0.5/lib conftest.c  >&5
/usr/bin/ld: skipping incompatible /usr/local/gcc/4.7.2/lib/libgcc_s.so when searching for -lgcc_s
/usr/bin/ld: skipping incompatible /usr/local/gcc/4.7.2/lib/libgcc_s.so when searching for -lgcc_s
/tmp/ccYmjtJm.o: In function `main':
conftest.c:(.text+0xa): undefined reference to `lapack'
collect2: error: ld returned 1 exit status
configure:5334: $? = 1
configure: failed program was:
| /* confdefs.h.  */
| #define PACKAGE_NAME "wafer"
| #define PACKAGE_TARNAME "wafer"
| #define PACKAGE_VERSION "1.0"
| #define PACKAGE_STRING "wafer 1.0"
| #define PACKAGE_BUGREPORT "https://github.com/Libbum/Wafer/issues"
| #define PACKAGE "wafer"
| #define VERSION "1.0"
| #define STDC_HEADERS 1
| #define HAVE_SYS_TYPES_H 1
| #define HAVE_SYS_STAT_H 1
| #define HAVE_STDLIB_H 1
| #define HAVE_STRING_H 1
| #define HAVE_MEMORY_H 1
| #define HAVE_STRINGS_H 1
| #define HAVE_INTTYPES_H 1
| #define HAVE_STDINT_H 1
| #define HAVE_UNISTD_H 1
| #define HAVE_STDLIB_H 1
| #define HAVE_SYS_TIME_H 1
| #define HAVE_UNISTD_H 1
| #define HAVE_PTRDIFF_T 1
| #define HAVE_STDLIB_H 1
| #define HAVE_MALLOC 1
| #define HAVE_GETHOSTNAME 1
| /* end confdefs.h.  */
| 
| /* Override any GCC internal prototype to avoid an error.
|    Use char because int might match the return type of a GCC
|    builtin and then its argument prototype would still apply.  */
| #ifdef __cplusplus
| extern "C"
| #endif
| char lapack ();
| int
| main ()
| {
| return lapack ();
|   ;
|   return 0;
| }
configure:5365: result: no
configure:5507: creating ./config.status

## ---------------------- ##
## Running config.status. ##
## ---------------------- ##

This file was extended by wafer config.status 1.0, which was
generated by GNU Autoconf 2.63.  Invocation command line was

  CONFIG_FILES    = 
  CONFIG_HEADERS  = 
  CONFIG_LINKS    = 
  CONFIG_COMMANDS = 
  $ ./config.status 

on trifid

config.status:787: creating Makefile
config.status:787: creating src/Makefile
config.status:787: creating config.h
config.status:1009: config.h is unchanged
config.status:1061: executing depfiles commands

## ---------------- ##
## Cache variables. ##
## ---------------- ##

ac_cv_c_compiler_gnu=yes
ac_cv_c_inline=inline
ac_cv_cxx_compiler_gnu=yes
ac_cv_env_CCC_set=
ac_cv_env_CCC_value=
ac_cv_env_CC_set=
ac_cv_env_CC_value=
ac_cv_env_CFLAGS_set=set
ac_cv_env_CFLAGS_value='-I/usr/local/gcc/4.7.2/include -I/usr/local/gmp/5.0.5/include'
ac_cv_env_CPPFLAGS_set=set
ac_cv_env_CPPFLAGS_value='-I/usr/local/lapack/3.4.2/include -I/usr/local/blas/1.0.248/include -I/usr/local/openmpi/1.7.0-gcc/include -I/usr/local/gcc/4.7.2/include -I/usr/local/mpc/1.0/include -I/usr/local/mpfr/3.1.1/include -I/usr/local/gmp/5.0.5/include'
ac_cv_env_CPP_set=
ac_cv_env_CPP_value=
ac_cv_env_CXXFLAGS_set=
ac_cv_env_CXXFLAGS_value=
ac_cv_env_CXX_set=
ac_cv_env_CXX_value=
ac_cv_env_LDFLAGS_set=set
ac_cv_env_LDFLAGS_value='-L/usr/local/lapack/3.4.2/lib -L/usr/local/blas/1.0.248/lib -L/usr/local/openmpi/1.7.0-gcc/lib -L/usr/local/gcc/4.7.2/lib -L/usr/local/gcc/4.7.2/lib64 -L/usr/local/mpc/1.0/lib -L/usr/local/mpfr/3.1.1/lib -L/usr/local/gmp/5.0.5/lib'
ac_cv_env_LIBS_set=
ac_cv_env_LIBS_value=
ac_cv_env_build_alias_set=
ac_cv_env_build_alias_value=
ac_cv_env_host_alias_set=
ac_cv_env_host_alias_value=
ac_cv_env_target_alias_set=
ac_cv_env_target_alias_value=
ac_cv_func_gethostname=yes
ac_cv_func_malloc_0_nonnull=yes
ac_cv_func_pow=no
ac_cv_func_sqrt=no
ac_cv_header_inttypes_h=yes
ac_cv_header_memory_h=yes
ac_cv_header_stdc=yes
ac_cv_header_stdint_h=yes
ac_cv_header_stdlib_h=yes
ac_cv_header_string_h=yes
ac_cv_header_strings_h=yes
ac_cv_header_sys_stat_h=yes
ac_cv_header_sys_time_h=yes
ac_cv_header_sys_types_h=yes
ac_cv_header_unistd_h=yes
ac_cv_objext=o
ac_cv_path_EGREP='/bin/grep -E'
ac_cv_path_GREP=/bin/grep
ac_cv_path_install='/usr/bin/install -c'
ac_cv_path_mkdir=/bin/mkdir
ac_cv_prog_AWK=gawk
ac_cv_prog_CPP='gcc -E'
ac_cv_prog_ac_ct_CC=gcc
ac_cv_prog_ac_ct_CXX=g++
ac_cv_prog_cc_c89=
ac_cv_prog_cc_g=yes
ac_cv_prog_cxx_g=yes
ac_cv_prog_make_make_set=yes
ac_cv_search_lapack=no
ac_cv_type_ptrdiff_t=yes
am_cv_CC_dependencies_compiler_type=gcc3
am_cv_CXX_dependencies_compiler_type=gcc3

## ----------------- ##
## Output variables. ##
## ----------------- ##

ACLOCAL='${SHELL} /home/tdubois/work/wafer/missing --run aclocal-1.11'
AMDEPBACKSLASH='\'
AMDEP_FALSE='#'
AMDEP_TRUE=''
AMTAR='${SHELL} /home/tdubois/work/wafer/missing --run tar'
AUTOCONF='${SHELL} /home/tdubois/work/wafer/missing --run autoconf'
AUTOHEADER='${SHELL} /home/tdubois/work/wafer/missing --run autoheader'
AUTOMAKE='${SHELL} /home/tdubois/work/wafer/missing --run automake-1.11'
AWK='gawk'
CC='gcc'
CCDEPMODE='depmode=gcc3'
CFLAGS='-I/usr/local/gcc/4.7.2/include -I/usr/local/gmp/5.0.5/include'
CPP='gcc -E'
CPPFLAGS='-I/usr/local/lapack/3.4.2/include -I/usr/local/blas/1.0.248/include -I/usr/local/openmpi/1.7.0-gcc/include -I/usr/local/gcc/4.7.2/include -I/usr/local/mpc/1.0/include -I/usr/local/mpfr/3.1.1/include -I/usr/local/gmp/5.0.5/include'
CXX='g++'
CXXDEPMODE='depmode=gcc3'
CXXFLAGS='-g -O2'
CYGPATH_W='echo'
DEFS='-DHAVE_CONFIG_H'
DEPDIR='.deps'
ECHO_C=''
ECHO_N='-n'
ECHO_T=''
EGREP='/bin/grep -E'
EXEEXT=''
GREP='/bin/grep'
INSTALL_DATA='${INSTALL} -m 644'
INSTALL_PROGRAM='${INSTALL}'
INSTALL_SCRIPT='${INSTALL}'
INSTALL_STRIP_PROGRAM='$(install_sh) -c -s'
LDFLAGS='-L/usr/local/lapack/3.4.2/lib -L/usr/local/blas/1.0.248/lib -L/usr/local/openmpi/1.7.0-gcc/lib -L/usr/local/gcc/4.7.2/lib -L/usr/local/gcc/4.7.2/lib64 -L/usr/local/mpc/1.0/lib -L/usr/local/mpfr/3.1.1/lib -L/usr/local/gmp/5.0.5/lib'
LIBOBJS=''
LIBS=''
LTLIBOBJS=''
MAKEINFO='${SHELL} /home/tdubois/work/wafer/missing --run makeinfo'
MKDIR_P='/bin/mkdir -p'
OBJEXT='o'
PACKAGE='wafer'
PACKAGE_BUGREPORT='https://github.com/Libbum/Wafer/issues'
PACKAGE_NAME='wafer'
PACKAGE_STRING='wafer 1.0'
PACKAGE_TARNAME='wafer'
PACKAGE_VERSION='1.0'
PATH_SEPARATOR=':'
SET_MAKE=''
SHELL='/bin/sh'
STRIP=''
VERSION='1.0'
ac_ct_CC='gcc'
ac_ct_CXX='g++'
am__EXEEXT_FALSE=''
am__EXEEXT_TRUE='#'
am__fastdepCC_FALSE='#'
am__fastdepCC_TRUE=''
am__fastdepCXX_FALSE='#'
am__fastdepCXX_TRUE=''
am__include='include'
am__isrc=''
am__leading_dot='.'
am__quote=''
am__tar='${AMTAR} chof - "$$tardir"'
am__untar='${AMTAR} xf -'
bindir='${exec_prefix}/bin'
build_alias=''
datadir='${datarootdir}'
datarootdir='${prefix}/share'
docdir='${datarootdir}/doc/${PACKAGE_TARNAME}'
dvidir='${docdir}'
exec_prefix='${prefix}'
host_alias=''
htmldir='${docdir}'
includedir='${prefix}/include'
infodir='${datarootdir}/info'
install_sh='${SHELL} /home/tdubois/work/wafer/install-sh'
libdir='${exec_prefix}/lib'
libexecdir='${exec_prefix}/libexec'
localedir='${datarootdir}/locale'
localstatedir='${prefix}/var'
mandir='${datarootdir}/man'
mkdir_p='/bin/mkdir -p'
oldincludedir='/usr/include'
pdfdir='${docdir}'
prefix='/usr/local'
program_transform_name='s,x,x,'
psdir='${docdir}'
sbindir='${exec_prefix}/sbin'
sharedstatedir='${prefix}/com'
sysconfdir='${prefix}/etc'
target_alias=''

## ----------- ##
## confdefs.h. ##
## ----------- ##

#define PACKAGE_NAME "wafer"
#define PACKAGE_TARNAME "wafer"
#define PACKAGE_VERSION "1.0"
#define PACKAGE_STRING "wafer 1.0"
#define PACKAGE_BUGREPORT "https://github.com/Libbum/Wafer/issues"
#define PACKAGE "wafer"
#define VERSION "1.0"
#define STDC_HEADERS 1
#define HAVE_SYS_TYPES_H 1
#define HAVE_SYS_STAT_H 1
#define HAVE_STDLIB_H 1
#define HAVE_STRING_H 1
#define HAVE_MEMORY_H 1
#define HAVE_STRINGS_H 1
#define HAVE_INTTYPES_H 1
#define HAVE_STDINT_H 1
#define HAVE_UNISTD_H 1
#define HAVE_STDLIB_H 1
#define HAVE_SYS_TIME_H 1
#define HAVE_UNISTD_H 1
#define HAVE_PTRDIFF_T 1
#define HAVE_STDLIB_H 1
#define HAVE_MALLOC 1
#define HAVE_GETHOSTNAME 1

configure: exit 0
